-------------------------------------------------------------------------------
Test set: TestSuite
-------------------------------------------------------------------------------
Tests run: 10, Failures: 1, Errors: 0, Skipped: 2, Time elapsed: 0.289 sec <<< FAILURE! - in TestSuite
createuser(tests.Testing3)  Time elapsed: 0 sec  <<< FAILURE!
java.lang.AssertionError: verifying element expected [true] but found [false]
	at tests.Testing3.createuser(Testing3.java:14)

